<?xml version="1.0" encoding="UTF-8"?>
<testsuite name="com.kms.project.springboot.web.PostsApiControllerTest" tests="1" skipped="0" failures="0" errors="0" timestamp="2022-04-06T17:10:59" hostname="gimminseog-ui-MacBookPro-2.local" time="0.337">
  <properties/>
  <testcase name="Posts_update" classname="com.kms.project.springboot.web.PostsApiControllerTest" time="0.337"/>
  <system-out><![CDATA[02:10:54.892 [Test worker] DEBUG org.springframework.test.context.junit4.SpringJUnit4ClassRunner - SpringJUnit4ClassRunner constructor called with [class com.kms.project.springboot.web.PostsApiControllerTest]
02:10:54.897 [Test worker] DEBUG org.springframework.test.context.BootstrapUtils - Instantiating CacheAwareContextLoaderDelegate from class [org.springframework.test.context.cache.DefaultCacheAwareContextLoaderDelegate]
02:10:54.902 [Test worker] DEBUG org.springframework.test.context.BootstrapUtils - Instantiating BootstrapContext using constructor [public org.springframework.test.context.support.DefaultBootstrapContext(java.lang.Class,org.springframework.test.context.CacheAwareContextLoaderDelegate)]
02:10:54.913 [Test worker] DEBUG org.springframework.test.context.BootstrapUtils - Instantiating TestContextBootstrapper for test class [com.kms.project.springboot.web.PostsApiControllerTest] from class [org.springframework.boot.test.context.SpringBootTestContextBootstrapper]
02:10:54.919 [Test worker] INFO org.springframework.boot.test.context.SpringBootTestContextBootstrapper - Neither @ContextConfiguration nor @ContextHierarchy found for test class [com.kms.project.springboot.web.PostsApiControllerTest], using SpringBootContextLoader
02:10:54.921 [Test worker] DEBUG org.springframework.test.context.support.AbstractContextLoader - Did not detect default resource location for test class [com.kms.project.springboot.web.PostsApiControllerTest]: class path resource [com/kms/project/springboot/web/PostsApiControllerTest-context.xml] does not exist
02:10:54.921 [Test worker] DEBUG org.springframework.test.context.support.AbstractContextLoader - Did not detect default resource location for test class [com.kms.project.springboot.web.PostsApiControllerTest]: class path resource [com/kms/project/springboot/web/PostsApiControllerTestContext.groovy] does not exist
02:10:54.922 [Test worker] INFO org.springframework.test.context.support.AbstractContextLoader - Could not detect default resource locations for test class [com.kms.project.springboot.web.PostsApiControllerTest]: no resource found for suffixes {-context.xml, Context.groovy}.
02:10:54.922 [Test worker] INFO org.springframework.test.context.support.AnnotationConfigContextLoaderUtils - Could not detect default configuration classes for test class [com.kms.project.springboot.web.PostsApiControllerTest]: PostsApiControllerTest does not declare any static, non-private, non-final, nested classes annotated with @Configuration.
02:10:54.946 [Test worker] DEBUG org.springframework.test.context.support.ActiveProfilesUtils - Could not find an 'annotation declaring class' for annotation type [org.springframework.test.context.ActiveProfiles] and class [com.kms.project.springboot.web.PostsApiControllerTest]
02:10:55.011 [Test worker] DEBUG org.springframework.context.annotation.ClassPathScanningCandidateComponentProvider - Identified candidate component class: file [/Users/kimminseok/Desktop/web/study_spring/study_spring/build/classes/java/main/com/kms/project/springboot/Application.class]
02:10:55.011 [Test worker] INFO org.springframework.boot.test.context.SpringBootTestContextBootstrapper - Found @SpringBootConfiguration com.kms.project.springboot.Application for test class com.kms.project.springboot.web.PostsApiControllerTest
02:10:55.079 [Test worker] DEBUG org.springframework.boot.test.context.SpringBootTestContextBootstrapper - @TestExecutionListeners is not present for class [com.kms.project.springboot.web.PostsApiControllerTest]: using defaults.
02:10:55.080 [Test worker] INFO org.springframework.boot.test.context.SpringBootTestContextBootstrapper - Loaded default TestExecutionListener class names from location [META-INF/spring.factories]: [org.springframework.security.test.context.support.WithSecurityContextTestExecutionListener, org.springframework.security.test.context.support.ReactorContextTestExecutionListener, org.springframework.boot.test.autoconfigure.restdocs.RestDocsTestExecutionListener, org.springframework.boot.test.autoconfigure.web.client.MockRestServiceServerResetTestExecutionListener, org.springframework.boot.test.autoconfigure.web.servlet.MockMvcPrintOnlyOnFailureTestExecutionListener, org.springframework.boot.test.autoconfigure.web.servlet.WebDriverTestExecutionListener, org.springframework.boot.test.mock.mockito.MockitoTestExecutionListener, org.springframework.boot.test.mock.mockito.ResetMocksTestExecutionListener, org.springframework.test.context.web.ServletTestExecutionListener, org.springframework.test.context.support.DirtiesContextBeforeModesTestExecutionListener, org.springframework.test.context.support.DependencyInjectionTestExecutionListener, org.springframework.test.context.support.DirtiesContextTestExecutionListener, org.springframework.test.context.transaction.TransactionalTestExecutionListener, org.springframework.test.context.jdbc.SqlScriptsTestExecutionListener]
02:10:55.090 [Test worker] INFO org.springframework.boot.test.context.SpringBootTestContextBootstrapper - Using TestExecutionListeners: [org.springframework.test.context.web.ServletTestExecutionListener@528d0e65, org.springframework.test.context.support.DirtiesContextBeforeModesTestExecutionListener@35628f6f, org.springframework.boot.test.mock.mockito.MockitoTestExecutionListener@22dadbad, org.springframework.boot.test.autoconfigure.SpringBootDependencyInjectionTestExecutionListener@cc0b263, org.springframework.test.context.support.DirtiesContextTestExecutionListener@36047bb8, org.springframework.test.context.transaction.TransactionalTestExecutionListener@17bc83e0, org.springframework.test.context.jdbc.SqlScriptsTestExecutionListener@634f3509, org.springframework.security.test.context.support.WithSecurityContextTestExecutionListener@6a95d0a9, org.springframework.security.test.context.support.ReactorContextTestExecutionListener@7fd9bff8, org.springframework.boot.test.autoconfigure.restdocs.RestDocsTestExecutionListener@c898060, org.springframework.boot.test.autoconfigure.web.client.MockRestServiceServerResetTestExecutionListener@16f41b85, org.springframework.boot.test.autoconfigure.web.servlet.MockMvcPrintOnlyOnFailureTestExecutionListener@5220816a, org.springframework.boot.test.autoconfigure.web.servlet.WebDriverTestExecutionListener@6034d2a9, org.springframework.boot.test.mock.mockito.ResetMocksTestExecutionListener@20fed44f]
02:10:55.092 [Test worker] DEBUG org.springframework.test.annotation.ProfileValueUtils - Retrieved @ProfileValueSourceConfiguration [null] for test class [com.kms.project.springboot.web.PostsApiControllerTest]
02:10:55.093 [Test worker] DEBUG org.springframework.test.annotation.ProfileValueUtils - Retrieved ProfileValueSource type [class org.springframework.test.annotation.SystemProfileValueSource] for class [com.kms.project.springboot.web.PostsApiControllerTest]
02:10:55.095 [Test worker] DEBUG org.springframework.test.annotation.ProfileValueUtils - Retrieved @ProfileValueSourceConfiguration [null] for test class [com.kms.project.springboot.web.PostsApiControllerTest]
02:10:55.095 [Test worker] DEBUG org.springframework.test.annotation.ProfileValueUtils - Retrieved ProfileValueSource type [class org.springframework.test.annotation.SystemProfileValueSource] for class [com.kms.project.springboot.web.PostsApiControllerTest]
02:10:55.096 [Test worker] DEBUG org.springframework.test.annotation.ProfileValueUtils - Retrieved @ProfileValueSourceConfiguration [null] for test class [com.kms.project.springboot.web.PostsApiControllerTest]
02:10:55.096 [Test worker] DEBUG org.springframework.test.annotation.ProfileValueUtils - Retrieved ProfileValueSource type [class org.springframework.test.annotation.SystemProfileValueSource] for class [com.kms.project.springboot.web.PostsApiControllerTest]
02:10:55.098 [Test worker] DEBUG org.springframework.test.context.support.AbstractDirtiesContextTestExecutionListener - Before test class: context [DefaultTestContext@46ea76b8 testClass = PostsApiControllerTest, testInstance = [null], testMethod = [null], testException = [null], mergedContextConfiguration = [WebMergedContextConfiguration@725f9bc3 testClass = PostsApiControllerTest, locations = '{}', classes = '{class com.kms.project.springboot.Application}', contextInitializerClasses = '[]', activeProfiles = '{}', propertySourceLocations = '{}', propertySourceProperties = '{org.springframework.boot.test.context.SpringBootTestContextBootstrapper=true, server.port=0}', contextCustomizers = set[org.springframework.boot.test.autoconfigure.properties.PropertyMappingContextCustomizer@0, org.springframework.boot.test.autoconfigure.web.servlet.WebDriverContextCustomizerFactory$Customizer@455998cb, org.springframework.boot.test.context.filter.ExcludeFilterContextCustomizer@56828ea4, org.springframework.boot.test.json.DuplicateJsonObjectContextCustomizerFactory$DuplicateJsonObjectContextCustomizer@67a66e14, org.springframework.boot.test.mock.mockito.MockitoContextCustomizer@0, org.springframework.boot.test.web.client.TestRestTemplateContextCustomizer@4158ade0], resourceBasePath = 'src/main/webapp', contextLoader = 'org.springframework.boot.test.context.SpringBootContextLoader', parent = [null]], attributes = map['org.springframework.test.context.web.ServletTestExecutionListener.activateListener' -> false]], class annotated with @DirtiesContext [false] with mode [null].
02:10:55.099 [Test worker] DEBUG org.springframework.test.annotation.ProfileValueUtils - Retrieved @ProfileValueSourceConfiguration [null] for test class [com.kms.project.springboot.web.PostsApiControllerTest]
02:10:55.099 [Test worker] DEBUG org.springframework.test.annotation.ProfileValueUtils - Retrieved ProfileValueSource type [class org.springframework.test.annotation.SystemProfileValueSource] for class [com.kms.project.springboot.web.PostsApiControllerTest]
02:10:55.101 [Test worker] DEBUG org.springframework.test.context.support.DependencyInjectionTestExecutionListener - Performing dependency injection for test context [[DefaultTestContext@46ea76b8 testClass = PostsApiControllerTest, testInstance = com.kms.project.springboot.web.PostsApiControllerTest@3a36c45c, testMethod = [null], testException = [null], mergedContextConfiguration = [WebMergedContextConfiguration@725f9bc3 testClass = PostsApiControllerTest, locations = '{}', classes = '{class com.kms.project.springboot.Application}', contextInitializerClasses = '[]', activeProfiles = '{}', propertySourceLocations = '{}', propertySourceProperties = '{org.springframework.boot.test.context.SpringBootTestContextBootstrapper=true, server.port=0}', contextCustomizers = set[org.springframework.boot.test.autoconfigure.properties.PropertyMappingContextCustomizer@0, org.springframework.boot.test.autoconfigure.web.servlet.WebDriverContextCustomizerFactory$Customizer@455998cb, org.springframework.boot.test.context.filter.ExcludeFilterContextCustomizer@56828ea4, org.springframework.boot.test.json.DuplicateJsonObjectContextCustomizerFactory$DuplicateJsonObjectContextCustomizer@67a66e14, org.springframework.boot.test.mock.mockito.MockitoContextCustomizer@0, org.springframework.boot.test.web.client.TestRestTemplateContextCustomizer@4158ade0], resourceBasePath = 'src/main/webapp', contextLoader = 'org.springframework.boot.test.context.SpringBootContextLoader', parent = [null]], attributes = map['org.springframework.test.context.web.ServletTestExecutionListener.activateListener' -> false]]].
02:10:55.114 [Test worker] DEBUG org.springframework.test.context.support.TestPropertySourceUtils - Adding inlined properties to environment: {spring.jmx.enabled=false, org.springframework.boot.test.context.SpringBootTestContextBootstrapper=true, server.port=0}

  .   ____          _            __ _ _
 /\\ / ___'_ __ _ _(_)_ __  __ _ \ \ \ \
( ( )\___ | '_ | '_| | '_ \/ _` | \ \ \ \
 \\/  ___)| |_)| | | | | || (_| |  ) ) ) )
  '  |____| .__|_| |_|_| |_\__, | / / / /
 =========|_|==============|___/=/_/_/_/
 :: Spring Boot ::        (v2.1.7.RELEASE)

2022-04-07 02:10:55.421  INFO 7377 --- [    Test worker] c.k.p.s.web.PostsApiControllerTest       : Starting PostsApiControllerTest on gimminseog-ui-MacBookPro-2.local with PID 7377 (started by kimminseok in /Users/kimminseok/Desktop/web/study_spring/study_spring)
2022-04-07 02:10:55.422  INFO 7377 --- [    Test worker] c.k.p.s.web.PostsApiControllerTest       : The following profiles are active: oauth,real-db,local
2022-04-07 02:10:55.937  INFO 7377 --- [    Test worker] .s.d.r.c.RepositoryConfigurationDelegate : Bootstrapping Spring Data repositories in DEFAULT mode.
2022-04-07 02:10:55.997  INFO 7377 --- [    Test worker] .s.d.r.c.RepositoryConfigurationDelegate : Finished Spring Data repository scanning in 53ms. Found 2 repository interfaces.
2022-04-07 02:10:56.342  INFO 7377 --- [    Test worker] trationDelegate$BeanPostProcessorChecker : Bean 'org.springframework.transaction.annotation.ProxyTransactionManagementConfiguration' of type [org.springframework.transaction.annotation.ProxyTransactionManagementConfiguration$$EnhancerBySpringCGLIB$$c786caa3] is not eligible for getting processed by all BeanPostProcessors (for example: not eligible for auto-proxying)
2022-04-07 02:10:56.663  INFO 7377 --- [    Test worker] o.s.b.w.embedded.tomcat.TomcatWebServer  : Tomcat initialized with port(s): 0 (http)
2022-04-07 02:10:56.683  INFO 7377 --- [    Test worker] o.apache.catalina.core.StandardService   : Starting service [Tomcat]
2022-04-07 02:10:56.683  INFO 7377 --- [    Test worker] org.apache.catalina.core.StandardEngine  : Starting Servlet engine: [Apache Tomcat/9.0.22]
2022-04-07 02:10:56.764  INFO 7377 --- [    Test worker] o.a.c.c.C.[Tomcat].[localhost].[/]       : Initializing Spring embedded WebApplicationContext
2022-04-07 02:10:56.765  INFO 7377 --- [    Test worker] o.s.web.context.ContextLoader            : Root WebApplicationContext: initialization completed in 1332 ms
2022-04-07 02:10:57.008  INFO 7377 --- [    Test worker] com.zaxxer.hikari.HikariDataSource       : HikariPool-1 - Starting...
2022-04-07 02:10:57.174  INFO 7377 --- [    Test worker] com.zaxxer.hikari.HikariDataSource       : HikariPool-1 - Start completed.
2022-04-07 02:10:57.254  INFO 7377 --- [    Test worker] o.hibernate.jpa.internal.util.LogHelper  : HHH000204: Processing PersistenceUnitInfo [
	name: default
	...]
2022-04-07 02:10:57.306  INFO 7377 --- [    Test worker] org.hibernate.Version                    : HHH000412: Hibernate Core {5.3.10.Final}
2022-04-07 02:10:57.307  INFO 7377 --- [    Test worker] org.hibernate.cfg.Environment            : HHH000206: hibernate.properties not found
2022-04-07 02:10:57.420  INFO 7377 --- [    Test worker] o.hibernate.annotations.common.Version   : HCANN000001: Hibernate Commons Annotations {5.0.4.Final}
2022-04-07 02:10:57.551  INFO 7377 --- [    Test worker] org.hibernate.dialect.Dialect            : HHH000400: Using dialect: org.hibernate.dialect.H2Dialect
Hibernate: drop table posts if exists
Hibernate: drop table user if exists
Hibernate: create table posts (id bigint generated by default as identity, created_date timestamp, modified_date timestamp, author varchar(255), content TEXT not null, title varchar(500) not null, primary key (id))
Hibernate: create table user (in bigint generated by default as identity, created_date timestamp, modified_date timestamp, email varchar(255) not null, name varchar(255) not null, picture varchar(255), role varchar(255) not null, primary key (in))
2022-04-07 02:10:58.115  INFO 7377 --- [    Test worker] o.h.t.schema.internal.SchemaCreatorImpl  : HHH000476: Executing import script 'org.hibernate.tool.schema.internal.exec.ScriptSourceInputNonExistentImpl@c2fb7ba'
2022-04-07 02:10:58.117  INFO 7377 --- [    Test worker] j.LocalContainerEntityManagerFactoryBean : Initialized JPA EntityManagerFactory for persistence unit 'default'
2022-04-07 02:10:58.761  INFO 7377 --- [    Test worker] o.h.h.i.QueryTranslatorFactoryInitiator  : HHH000397: Using ASTQueryTranslatorFactory
2022-04-07 02:10:59.088  INFO 7377 --- [    Test worker] o.s.s.web.DefaultSecurityFilterChain     : Creating filter chain: any request, [org.springframework.security.web.context.request.async.WebAsyncManagerIntegrationFilter@4d9b58c7, org.springframework.security.web.context.SecurityContextPersistenceFilter@668a68e0, org.springframework.security.web.header.HeaderWriterFilter@7a010475, org.springframework.security.web.authentication.logout.LogoutFilter@7a7aeccc, org.springframework.security.oauth2.client.web.OAuth2AuthorizationRequestRedirectFilter@1d4c0031, org.springframework.security.oauth2.client.web.OAuth2LoginAuthenticationFilter@1f351adb, org.springframework.security.web.authentication.ui.DefaultLoginPageGeneratingFilter@123c5bef, org.springframework.security.web.authentication.ui.DefaultLogoutPageGeneratingFilter@168b5779, org.springframework.security.web.savedrequest.RequestCacheAwareFilter@5a7e3859, org.springframework.security.web.servletapi.SecurityContextHolderAwareRequestFilter@7f4ca304, org.springframework.security.web.authentication.AnonymousAuthenticationFilter@6f8ecac1, org.springframework.security.web.session.SessionManagementFilter@73c44bd9, org.springframework.security.web.access.ExceptionTranslationFilter@615b7473, org.springframework.security.web.access.intercept.FilterSecurityInterceptor@113068c0]
2022-04-07 02:10:59.360  INFO 7377 --- [    Test worker] o.s.s.concurrent.ThreadPoolTaskExecutor  : Initializing ExecutorService 'applicationTaskExecutor'
2022-04-07 02:10:59.407  WARN 7377 --- [    Test worker] aWebConfiguration$JpaWebMvcConfiguration : spring.jpa.open-in-view is enabled by default. Therefore, database queries may be performed during view rendering. Explicitly configure spring.jpa.open-in-view to disable this warning
2022-04-07 02:10:59.452  INFO 7377 --- [    Test worker] o.s.b.a.w.s.WelcomePageHandlerMapping    : Adding welcome page template: index
2022-04-07 02:10:59.733  INFO 7377 --- [    Test worker] s.a.ScheduledAnnotationBeanPostProcessor : No TaskScheduler/ScheduledExecutorService bean found for scheduled processing
2022-04-07 02:10:59.754  INFO 7377 --- [    Test worker] o.s.b.w.embedded.tomcat.TomcatWebServer  : Tomcat started on port(s): 52302 (http) with context path ''
2022-04-07 02:10:59.756  INFO 7377 --- [    Test worker] c.k.p.s.web.PostsApiControllerTest       : Started PostsApiControllerTest in 4.64 seconds (JVM running for 5.344)
2022-04-07 02:10:59.813  INFO 7377 --- [    Test worker] o.a.c.c.C.[Tomcat].[localhost].[/]       : Initializing Spring TestDispatcherServlet ''
2022-04-07 02:10:59.813  INFO 7377 --- [    Test worker] o.s.t.web.servlet.TestDispatcherServlet  : Initializing Servlet ''
2022-04-07 02:10:59.823  INFO 7377 --- [    Test worker] o.s.t.web.servlet.TestDispatcherServlet  : Completed initialization in 10 ms
Hibernate: insert into posts (id, created_date, modified_date, author, content, title) values (null, ?, ?, ?, ?, ?)
Hibernate: select posts0_.id as id1_0_0_, posts0_.created_date as created_2_0_0_, posts0_.modified_date as modified3_0_0_, posts0_.author as author4_0_0_, posts0_.content as content5_0_0_, posts0_.title as title6_0_0_ from posts posts0_ where posts0_.id=?
Hibernate: update posts set created_date=?, modified_date=?, author=?, content=?, title=? where id=?
Hibernate: select posts0_.id as id1_0_, posts0_.created_date as created_2_0_, posts0_.modified_date as modified3_0_, posts0_.author as author4_0_, posts0_.content as content5_0_, posts0_.title as title6_0_ from posts posts0_
Hibernate: select posts0_.id as id1_0_, posts0_.created_date as created_2_0_, posts0_.modified_date as modified3_0_, posts0_.author as author4_0_, posts0_.content as content5_0_, posts0_.title as title6_0_ from posts posts0_
Hibernate: delete from posts where id=?
]]></system-out>
  <system-err><![CDATA[]]></system-err>
</testsuite>
