<?xml version="1.0" encoding="UTF-8"?>
<testsuite name="com.kms.project.springboot.web.PostsApiControllerTest" tests="1" skipped="0" failures="0" errors="0" timestamp="2022-04-06T16:42:29" hostname="gimminseog-ui-MacBookPro-2.local" time="0.295">
  <properties/>
  <testcase name="Posts_regist" classname="com.kms.project.springboot.web.PostsApiControllerTest" time="0.295"/>
  <system-out><![CDATA[01:42:24.331 [Test worker] DEBUG org.springframework.test.context.junit4.SpringJUnit4ClassRunner - SpringJUnit4ClassRunner constructor called with [class com.kms.project.springboot.web.PostsApiControllerTest]
01:42:24.336 [Test worker] DEBUG org.springframework.test.context.BootstrapUtils - Instantiating CacheAwareContextLoaderDelegate from class [org.springframework.test.context.cache.DefaultCacheAwareContextLoaderDelegate]
01:42:24.341 [Test worker] DEBUG org.springframework.test.context.BootstrapUtils - Instantiating BootstrapContext using constructor [public org.springframework.test.context.support.DefaultBootstrapContext(java.lang.Class,org.springframework.test.context.CacheAwareContextLoaderDelegate)]
01:42:24.353 [Test worker] DEBUG org.springframework.test.context.BootstrapUtils - Instantiating TestContextBootstrapper for test class [com.kms.project.springboot.web.PostsApiControllerTest] from class [org.springframework.boot.test.context.SpringBootTestContextBootstrapper]
01:42:24.358 [Test worker] INFO org.springframework.boot.test.context.SpringBootTestContextBootstrapper - Neither @ContextConfiguration nor @ContextHierarchy found for test class [com.kms.project.springboot.web.PostsApiControllerTest], using SpringBootContextLoader
01:42:24.360 [Test worker] DEBUG org.springframework.test.context.support.AbstractContextLoader - Did not detect default resource location for test class [com.kms.project.springboot.web.PostsApiControllerTest]: class path resource [com/kms/project/springboot/web/PostsApiControllerTest-context.xml] does not exist
01:42:24.360 [Test worker] DEBUG org.springframework.test.context.support.AbstractContextLoader - Did not detect default resource location for test class [com.kms.project.springboot.web.PostsApiControllerTest]: class path resource [com/kms/project/springboot/web/PostsApiControllerTestContext.groovy] does not exist
01:42:24.360 [Test worker] INFO org.springframework.test.context.support.AbstractContextLoader - Could not detect default resource locations for test class [com.kms.project.springboot.web.PostsApiControllerTest]: no resource found for suffixes {-context.xml, Context.groovy}.
01:42:24.361 [Test worker] INFO org.springframework.test.context.support.AnnotationConfigContextLoaderUtils - Could not detect default configuration classes for test class [com.kms.project.springboot.web.PostsApiControllerTest]: PostsApiControllerTest does not declare any static, non-private, non-final, nested classes annotated with @Configuration.
01:42:24.385 [Test worker] DEBUG org.springframework.test.context.support.ActiveProfilesUtils - Could not find an 'annotation declaring class' for annotation type [org.springframework.test.context.ActiveProfiles] and class [com.kms.project.springboot.web.PostsApiControllerTest]
01:42:24.449 [Test worker] DEBUG org.springframework.context.annotation.ClassPathScanningCandidateComponentProvider - Identified candidate component class: file [/Users/kimminseok/Desktop/web/study_spring/study_spring/build/classes/java/main/com/kms/project/springboot/Application.class]
01:42:24.449 [Test worker] INFO org.springframework.boot.test.context.SpringBootTestContextBootstrapper - Found @SpringBootConfiguration com.kms.project.springboot.Application for test class com.kms.project.springboot.web.PostsApiControllerTest
01:42:24.517 [Test worker] DEBUG org.springframework.boot.test.context.SpringBootTestContextBootstrapper - @TestExecutionListeners is not present for class [com.kms.project.springboot.web.PostsApiControllerTest]: using defaults.
01:42:24.518 [Test worker] INFO org.springframework.boot.test.context.SpringBootTestContextBootstrapper - Loaded default TestExecutionListener class names from location [META-INF/spring.factories]: [org.springframework.security.test.context.support.WithSecurityContextTestExecutionListener, org.springframework.security.test.context.support.ReactorContextTestExecutionListener, org.springframework.boot.test.autoconfigure.restdocs.RestDocsTestExecutionListener, org.springframework.boot.test.autoconfigure.web.client.MockRestServiceServerResetTestExecutionListener, org.springframework.boot.test.autoconfigure.web.servlet.MockMvcPrintOnlyOnFailureTestExecutionListener, org.springframework.boot.test.autoconfigure.web.servlet.WebDriverTestExecutionListener, org.springframework.boot.test.mock.mockito.MockitoTestExecutionListener, org.springframework.boot.test.mock.mockito.ResetMocksTestExecutionListener, org.springframework.test.context.web.ServletTestExecutionListener, org.springframework.test.context.support.DirtiesContextBeforeModesTestExecutionListener, org.springframework.test.context.support.DependencyInjectionTestExecutionListener, org.springframework.test.context.support.DirtiesContextTestExecutionListener, org.springframework.test.context.transaction.TransactionalTestExecutionListener, org.springframework.test.context.jdbc.SqlScriptsTestExecutionListener]
01:42:24.530 [Test worker] INFO org.springframework.boot.test.context.SpringBootTestContextBootstrapper - Using TestExecutionListeners: [org.springframework.test.context.web.ServletTestExecutionListener@33c35c81, org.springframework.test.context.support.DirtiesContextBeforeModesTestExecutionListener@3634f74c, org.springframework.boot.test.mock.mockito.MockitoTestExecutionListener@73c3a9b1, org.springframework.boot.test.autoconfigure.SpringBootDependencyInjectionTestExecutionListener@4eb66b97, org.springframework.test.context.support.DirtiesContextTestExecutionListener@67380194, org.springframework.test.context.transaction.TransactionalTestExecutionListener@762714a8, org.springframework.test.context.jdbc.SqlScriptsTestExecutionListener@18c7a5fc, org.springframework.security.test.context.support.WithSecurityContextTestExecutionListener@65508fa0, org.springframework.security.test.context.support.ReactorContextTestExecutionListener@42c3063f, org.springframework.boot.test.autoconfigure.restdocs.RestDocsTestExecutionListener@c8fd89b, org.springframework.boot.test.autoconfigure.web.client.MockRestServiceServerResetTestExecutionListener@29c264b3, org.springframework.boot.test.autoconfigure.web.servlet.MockMvcPrintOnlyOnFailureTestExecutionListener@488ec3a4, org.springframework.boot.test.autoconfigure.web.servlet.WebDriverTestExecutionListener@1226c674, org.springframework.boot.test.mock.mockito.ResetMocksTestExecutionListener@609f8fab]
01:42:24.532 [Test worker] DEBUG org.springframework.test.annotation.ProfileValueUtils - Retrieved @ProfileValueSourceConfiguration [null] for test class [com.kms.project.springboot.web.PostsApiControllerTest]
01:42:24.533 [Test worker] DEBUG org.springframework.test.annotation.ProfileValueUtils - Retrieved ProfileValueSource type [class org.springframework.test.annotation.SystemProfileValueSource] for class [com.kms.project.springboot.web.PostsApiControllerTest]
01:42:24.535 [Test worker] DEBUG org.springframework.test.annotation.ProfileValueUtils - Retrieved @ProfileValueSourceConfiguration [null] for test class [com.kms.project.springboot.web.PostsApiControllerTest]
01:42:24.535 [Test worker] DEBUG org.springframework.test.annotation.ProfileValueUtils - Retrieved ProfileValueSource type [class org.springframework.test.annotation.SystemProfileValueSource] for class [com.kms.project.springboot.web.PostsApiControllerTest]
01:42:24.536 [Test worker] DEBUG org.springframework.test.annotation.ProfileValueUtils - Retrieved @ProfileValueSourceConfiguration [null] for test class [com.kms.project.springboot.web.PostsApiControllerTest]
01:42:24.536 [Test worker] DEBUG org.springframework.test.annotation.ProfileValueUtils - Retrieved ProfileValueSource type [class org.springframework.test.annotation.SystemProfileValueSource] for class [com.kms.project.springboot.web.PostsApiControllerTest]
01:42:24.538 [Test worker] DEBUG org.springframework.test.context.support.AbstractDirtiesContextTestExecutionListener - Before test class: context [DefaultTestContext@2528ece2 testClass = PostsApiControllerTest, testInstance = [null], testMethod = [null], testException = [null], mergedContextConfiguration = [WebMergedContextConfiguration@3f1c4451 testClass = PostsApiControllerTest, locations = '{}', classes = '{class com.kms.project.springboot.Application}', contextInitializerClasses = '[]', activeProfiles = '{}', propertySourceLocations = '{}', propertySourceProperties = '{org.springframework.boot.test.context.SpringBootTestContextBootstrapper=true, server.port=0}', contextCustomizers = set[org.springframework.boot.test.autoconfigure.properties.PropertyMappingContextCustomizer@0, org.springframework.boot.test.autoconfigure.web.servlet.WebDriverContextCustomizerFactory$Customizer@4eb25bec, org.springframework.boot.test.context.filter.ExcludeFilterContextCustomizer@61785457, org.springframework.boot.test.json.DuplicateJsonObjectContextCustomizerFactory$DuplicateJsonObjectContextCustomizer@73f6263f, org.springframework.boot.test.mock.mockito.MockitoContextCustomizer@0, org.springframework.boot.test.web.client.TestRestTemplateContextCustomizer@1255def], resourceBasePath = 'src/main/webapp', contextLoader = 'org.springframework.boot.test.context.SpringBootContextLoader', parent = [null]], attributes = map['org.springframework.test.context.web.ServletTestExecutionListener.activateListener' -> false]], class annotated with @DirtiesContext [false] with mode [null].
01:42:24.539 [Test worker] DEBUG org.springframework.test.annotation.ProfileValueUtils - Retrieved @ProfileValueSourceConfiguration [null] for test class [com.kms.project.springboot.web.PostsApiControllerTest]
01:42:24.539 [Test worker] DEBUG org.springframework.test.annotation.ProfileValueUtils - Retrieved ProfileValueSource type [class org.springframework.test.annotation.SystemProfileValueSource] for class [com.kms.project.springboot.web.PostsApiControllerTest]
01:42:24.542 [Test worker] DEBUG org.springframework.test.context.support.DependencyInjectionTestExecutionListener - Performing dependency injection for test context [[DefaultTestContext@2528ece2 testClass = PostsApiControllerTest, testInstance = com.kms.project.springboot.web.PostsApiControllerTest@3f61a0e4, testMethod = [null], testException = [null], mergedContextConfiguration = [WebMergedContextConfiguration@3f1c4451 testClass = PostsApiControllerTest, locations = '{}', classes = '{class com.kms.project.springboot.Application}', contextInitializerClasses = '[]', activeProfiles = '{}', propertySourceLocations = '{}', propertySourceProperties = '{org.springframework.boot.test.context.SpringBootTestContextBootstrapper=true, server.port=0}', contextCustomizers = set[org.springframework.boot.test.autoconfigure.properties.PropertyMappingContextCustomizer@0, org.springframework.boot.test.autoconfigure.web.servlet.WebDriverContextCustomizerFactory$Customizer@4eb25bec, org.springframework.boot.test.context.filter.ExcludeFilterContextCustomizer@61785457, org.springframework.boot.test.json.DuplicateJsonObjectContextCustomizerFactory$DuplicateJsonObjectContextCustomizer@73f6263f, org.springframework.boot.test.mock.mockito.MockitoContextCustomizer@0, org.springframework.boot.test.web.client.TestRestTemplateContextCustomizer@1255def], resourceBasePath = 'src/main/webapp', contextLoader = 'org.springframework.boot.test.context.SpringBootContextLoader', parent = [null]], attributes = map['org.springframework.test.context.web.ServletTestExecutionListener.activateListener' -> false]]].
01:42:24.555 [Test worker] DEBUG org.springframework.test.context.support.TestPropertySourceUtils - Adding inlined properties to environment: {spring.jmx.enabled=false, org.springframework.boot.test.context.SpringBootTestContextBootstrapper=true, server.port=0}

  .   ____          _            __ _ _
 /\\ / ___'_ __ _ _(_)_ __  __ _ \ \ \ \
( ( )\___ | '_ | '_| | '_ \/ _` | \ \ \ \
 \\/  ___)| |_)| | | | | || (_| |  ) ) ) )
  '  |____| .__|_| |_|_| |_\__, | / / / /
 =========|_|==============|___/=/_/_/_/
 :: Spring Boot ::        (v2.1.7.RELEASE)

2022-04-07 01:42:24.821  INFO 6889 --- [    Test worker] c.k.p.s.web.PostsApiControllerTest       : Starting PostsApiControllerTest on gimminseog-ui-MacBookPro-2.local with PID 6889 (started by kimminseok in /Users/kimminseok/Desktop/web/study_spring/study_spring)
2022-04-07 01:42:24.822  INFO 6889 --- [    Test worker] c.k.p.s.web.PostsApiControllerTest       : The following profiles are active: oauth,real-db,local
2022-04-07 01:42:25.417  INFO 6889 --- [    Test worker] .s.d.r.c.RepositoryConfigurationDelegate : Bootstrapping Spring Data repositories in DEFAULT mode.
2022-04-07 01:42:25.486  INFO 6889 --- [    Test worker] .s.d.r.c.RepositoryConfigurationDelegate : Finished Spring Data repository scanning in 62ms. Found 2 repository interfaces.
2022-04-07 01:42:25.849  INFO 6889 --- [    Test worker] trationDelegate$BeanPostProcessorChecker : Bean 'org.springframework.transaction.annotation.ProxyTransactionManagementConfiguration' of type [org.springframework.transaction.annotation.ProxyTransactionManagementConfiguration$$EnhancerBySpringCGLIB$$1cd8371f] is not eligible for getting processed by all BeanPostProcessors (for example: not eligible for auto-proxying)
2022-04-07 01:42:26.165  INFO 6889 --- [    Test worker] o.s.b.w.embedded.tomcat.TomcatWebServer  : Tomcat initialized with port(s): 0 (http)
2022-04-07 01:42:26.185  INFO 6889 --- [    Test worker] o.apache.catalina.core.StandardService   : Starting service [Tomcat]
2022-04-07 01:42:26.186  INFO 6889 --- [    Test worker] org.apache.catalina.core.StandardEngine  : Starting Servlet engine: [Apache Tomcat/9.0.22]
2022-04-07 01:42:26.265  INFO 6889 --- [    Test worker] o.a.c.c.C.[Tomcat].[localhost].[/]       : Initializing Spring embedded WebApplicationContext
2022-04-07 01:42:26.265  INFO 6889 --- [    Test worker] o.s.web.context.ContextLoader            : Root WebApplicationContext: initialization completed in 1428 ms
2022-04-07 01:42:26.499  INFO 6889 --- [    Test worker] com.zaxxer.hikari.HikariDataSource       : HikariPool-1 - Starting...
2022-04-07 01:42:26.655  INFO 6889 --- [    Test worker] com.zaxxer.hikari.HikariDataSource       : HikariPool-1 - Start completed.
2022-04-07 01:42:26.740  INFO 6889 --- [    Test worker] o.hibernate.jpa.internal.util.LogHelper  : HHH000204: Processing PersistenceUnitInfo [
	name: default
	...]
2022-04-07 01:42:26.806  INFO 6889 --- [    Test worker] org.hibernate.Version                    : HHH000412: Hibernate Core {5.3.10.Final}
2022-04-07 01:42:26.808  INFO 6889 --- [    Test worker] org.hibernate.cfg.Environment            : HHH000206: hibernate.properties not found
2022-04-07 01:42:26.936  INFO 6889 --- [    Test worker] o.hibernate.annotations.common.Version   : HCANN000001: Hibernate Commons Annotations {5.0.4.Final}
2022-04-07 01:42:27.041  INFO 6889 --- [    Test worker] org.hibernate.dialect.Dialect            : HHH000400: Using dialect: org.hibernate.dialect.H2Dialect
Hibernate: drop table posts if exists
Hibernate: drop table user if exists
Hibernate: create table posts (id bigint generated by default as identity, created_date timestamp, modified_date timestamp, author varchar(255), content TEXT not null, title varchar(500) not null, primary key (id))
Hibernate: create table user (in bigint generated by default as identity, created_date timestamp, modified_date timestamp, email varchar(255) not null, name varchar(255) not null, picture varchar(255), role varchar(255) not null, primary key (in))
2022-04-07 01:42:27.591  INFO 6889 --- [    Test worker] o.h.t.schema.internal.SchemaCreatorImpl  : HHH000476: Executing import script 'org.hibernate.tool.schema.internal.exec.ScriptSourceInputNonExistentImpl@3fd8f5f5'
2022-04-07 01:42:27.593  INFO 6889 --- [    Test worker] j.LocalContainerEntityManagerFactoryBean : Initialized JPA EntityManagerFactory for persistence unit 'default'
2022-04-07 01:42:28.234  INFO 6889 --- [    Test worker] o.h.h.i.QueryTranslatorFactoryInitiator  : HHH000397: Using ASTQueryTranslatorFactory
2022-04-07 01:42:28.555  INFO 6889 --- [    Test worker] o.s.s.web.DefaultSecurityFilterChain     : Creating filter chain: any request, [org.springframework.security.web.context.request.async.WebAsyncManagerIntegrationFilter@45b7be62, org.springframework.security.web.context.SecurityContextPersistenceFilter@846500, org.springframework.security.web.header.HeaderWriterFilter@45fa1dd1, org.springframework.security.web.authentication.logout.LogoutFilter@45bfefbc, org.springframework.security.oauth2.client.web.OAuth2AuthorizationRequestRedirectFilter@3801f1bf, org.springframework.security.oauth2.client.web.OAuth2LoginAuthenticationFilter@7ce51fd4, org.springframework.security.web.authentication.ui.DefaultLoginPageGeneratingFilter@7f438fb5, org.springframework.security.web.authentication.ui.DefaultLogoutPageGeneratingFilter@5c1df136, org.springframework.security.web.savedrequest.RequestCacheAwareFilter@5f3dae7, org.springframework.security.web.servletapi.SecurityContextHolderAwareRequestFilter@613e5e7a, org.springframework.security.web.authentication.AnonymousAuthenticationFilter@6737bded, org.springframework.security.web.session.SessionManagementFilter@669b5428, org.springframework.security.web.access.ExceptionTranslationFilter@19eb18f4, org.springframework.security.web.access.intercept.FilterSecurityInterceptor@50702896]
2022-04-07 01:42:28.828  INFO 6889 --- [    Test worker] o.s.s.concurrent.ThreadPoolTaskExecutor  : Initializing ExecutorService 'applicationTaskExecutor'
2022-04-07 01:42:28.869  WARN 6889 --- [    Test worker] aWebConfiguration$JpaWebMvcConfiguration : spring.jpa.open-in-view is enabled by default. Therefore, database queries may be performed during view rendering. Explicitly configure spring.jpa.open-in-view to disable this warning
2022-04-07 01:42:28.910  INFO 6889 --- [    Test worker] o.s.b.a.w.s.WelcomePageHandlerMapping    : Adding welcome page template: index
2022-04-07 01:42:29.157  INFO 6889 --- [    Test worker] s.a.ScheduledAnnotationBeanPostProcessor : No TaskScheduler/ScheduledExecutorService bean found for scheduled processing
2022-04-07 01:42:29.182  INFO 6889 --- [    Test worker] o.s.b.w.embedded.tomcat.TomcatWebServer  : Tomcat started on port(s): 52056 (http) with context path ''
2022-04-07 01:42:29.184  INFO 6889 --- [    Test worker] c.k.p.s.web.PostsApiControllerTest       : Started PostsApiControllerTest in 4.628 seconds (JVM running for 5.305)
2022-04-07 01:42:29.246  INFO 6889 --- [    Test worker] o.a.c.c.C.[Tomcat].[localhost].[/]       : Initializing Spring TestDispatcherServlet ''
2022-04-07 01:42:29.246  INFO 6889 --- [    Test worker] o.s.t.web.servlet.TestDispatcherServlet  : Initializing Servlet ''
2022-04-07 01:42:29.254  INFO 6889 --- [    Test worker] o.s.t.web.servlet.TestDispatcherServlet  : Completed initialization in 8 ms
Hibernate: insert into posts (id, created_date, modified_date, author, content, title) values (null, ?, ?, ?, ?, ?)
Hibernate: select posts0_.id as id1_0_, posts0_.created_date as created_2_0_, posts0_.modified_date as modified3_0_, posts0_.author as author4_0_, posts0_.content as content5_0_, posts0_.title as title6_0_ from posts posts0_
Hibernate: select posts0_.id as id1_0_, posts0_.created_date as created_2_0_, posts0_.modified_date as modified3_0_, posts0_.author as author4_0_, posts0_.content as content5_0_, posts0_.title as title6_0_ from posts posts0_
Hibernate: delete from posts where id=?
]]></system-out>
  <system-err><![CDATA[]]></system-err>
</testsuite>
