<?xml version="1.0" encoding="UTF-8"?>
<testsuite name="com.kms.project.springboot.web.PostsApiControllerTest" tests="3" skipped="0" failures="0" errors="0" timestamp="2022-04-11T14:58:58" hostname="gimminseog-ui-MacBookPro.local" time="0.347">
  <properties/>
  <testcase name="Posts_regist" classname="com.kms.project.springboot.web.PostsApiControllerTest" time="0.31"/>
  <testcase name="Posts_update" classname="com.kms.project.springboot.web.PostsApiControllerTest" time="0.023"/>
  <testcase name="BaseTimeEntity_regist" classname="com.kms.project.springboot.web.PostsApiControllerTest" time="0.012"/>
  <system-out><![CDATA[23:58:52.940 [Test worker] DEBUG org.springframework.test.context.junit4.SpringJUnit4ClassRunner - SpringJUnit4ClassRunner constructor called with [class com.kms.project.springboot.web.PostsApiControllerTest]
23:58:52.946 [Test worker] DEBUG org.springframework.test.context.BootstrapUtils - Instantiating CacheAwareContextLoaderDelegate from class [org.springframework.test.context.cache.DefaultCacheAwareContextLoaderDelegate]
23:58:52.952 [Test worker] DEBUG org.springframework.test.context.BootstrapUtils - Instantiating BootstrapContext using constructor [public org.springframework.test.context.support.DefaultBootstrapContext(java.lang.Class,org.springframework.test.context.CacheAwareContextLoaderDelegate)]
23:58:52.966 [Test worker] DEBUG org.springframework.test.context.BootstrapUtils - Instantiating TestContextBootstrapper for test class [com.kms.project.springboot.web.PostsApiControllerTest] from class [org.springframework.boot.test.context.SpringBootTestContextBootstrapper]
23:58:52.973 [Test worker] INFO org.springframework.boot.test.context.SpringBootTestContextBootstrapper - Neither @ContextConfiguration nor @ContextHierarchy found for test class [com.kms.project.springboot.web.PostsApiControllerTest], using SpringBootContextLoader
23:58:52.975 [Test worker] DEBUG org.springframework.test.context.support.AbstractContextLoader - Did not detect default resource location for test class [com.kms.project.springboot.web.PostsApiControllerTest]: class path resource [com/kms/project/springboot/web/PostsApiControllerTest-context.xml] does not exist
23:58:52.975 [Test worker] DEBUG org.springframework.test.context.support.AbstractContextLoader - Did not detect default resource location for test class [com.kms.project.springboot.web.PostsApiControllerTest]: class path resource [com/kms/project/springboot/web/PostsApiControllerTestContext.groovy] does not exist
23:58:52.975 [Test worker] INFO org.springframework.test.context.support.AbstractContextLoader - Could not detect default resource locations for test class [com.kms.project.springboot.web.PostsApiControllerTest]: no resource found for suffixes {-context.xml, Context.groovy}.
23:58:52.976 [Test worker] INFO org.springframework.test.context.support.AnnotationConfigContextLoaderUtils - Could not detect default configuration classes for test class [com.kms.project.springboot.web.PostsApiControllerTest]: PostsApiControllerTest does not declare any static, non-private, non-final, nested classes annotated with @Configuration.
23:58:53.011 [Test worker] DEBUG org.springframework.test.context.support.ActiveProfilesUtils - Could not find an 'annotation declaring class' for annotation type [org.springframework.test.context.ActiveProfiles] and class [com.kms.project.springboot.web.PostsApiControllerTest]
23:58:53.090 [Test worker] DEBUG org.springframework.context.annotation.ClassPathScanningCandidateComponentProvider - Identified candidate component class: file [/Users/kimminseok/Desktop/study/study_spring/build/classes/java/main/com/kms/project/springboot/Application.class]
23:58:53.090 [Test worker] INFO org.springframework.boot.test.context.SpringBootTestContextBootstrapper - Found @SpringBootConfiguration com.kms.project.springboot.Application for test class com.kms.project.springboot.web.PostsApiControllerTest
23:58:53.176 [Test worker] DEBUG org.springframework.boot.test.context.SpringBootTestContextBootstrapper - @TestExecutionListeners is not present for class [com.kms.project.springboot.web.PostsApiControllerTest]: using defaults.
23:58:53.176 [Test worker] INFO org.springframework.boot.test.context.SpringBootTestContextBootstrapper - Loaded default TestExecutionListener class names from location [META-INF/spring.factories]: [org.springframework.security.test.context.support.WithSecurityContextTestExecutionListener, org.springframework.security.test.context.support.ReactorContextTestExecutionListener, org.springframework.boot.test.autoconfigure.restdocs.RestDocsTestExecutionListener, org.springframework.boot.test.autoconfigure.web.client.MockRestServiceServerResetTestExecutionListener, org.springframework.boot.test.autoconfigure.web.servlet.MockMvcPrintOnlyOnFailureTestExecutionListener, org.springframework.boot.test.autoconfigure.web.servlet.WebDriverTestExecutionListener, org.springframework.boot.test.mock.mockito.MockitoTestExecutionListener, org.springframework.boot.test.mock.mockito.ResetMocksTestExecutionListener, org.springframework.test.context.web.ServletTestExecutionListener, org.springframework.test.context.support.DirtiesContextBeforeModesTestExecutionListener, org.springframework.test.context.support.DependencyInjectionTestExecutionListener, org.springframework.test.context.support.DirtiesContextTestExecutionListener, org.springframework.test.context.transaction.TransactionalTestExecutionListener, org.springframework.test.context.jdbc.SqlScriptsTestExecutionListener]
23:58:53.192 [Test worker] INFO org.springframework.boot.test.context.SpringBootTestContextBootstrapper - Using TestExecutionListeners: [org.springframework.test.context.web.ServletTestExecutionListener@c4bfae1, org.springframework.test.context.support.DirtiesContextBeforeModesTestExecutionListener@6a6386ec, org.springframework.boot.test.mock.mockito.MockitoTestExecutionListener@63b114d8, org.springframework.boot.test.autoconfigure.SpringBootDependencyInjectionTestExecutionListener@2263500c, org.springframework.test.context.support.DirtiesContextTestExecutionListener@712c3a53, org.springframework.test.context.transaction.TransactionalTestExecutionListener@70e967c, org.springframework.test.context.jdbc.SqlScriptsTestExecutionListener@6cf24591, org.springframework.security.test.context.support.WithSecurityContextTestExecutionListener@54299b33, org.springframework.security.test.context.support.ReactorContextTestExecutionListener@4447cd47, org.springframework.boot.test.autoconfigure.restdocs.RestDocsTestExecutionListener@37091ec5, org.springframework.boot.test.autoconfigure.web.client.MockRestServiceServerResetTestExecutionListener@49290b78, org.springframework.boot.test.autoconfigure.web.servlet.MockMvcPrintOnlyOnFailureTestExecutionListener@51c1e16d, org.springframework.boot.test.autoconfigure.web.servlet.WebDriverTestExecutionListener@2b1623e7, org.springframework.boot.test.mock.mockito.ResetMocksTestExecutionListener@5496ef76]
23:58:53.194 [Test worker] DEBUG org.springframework.test.annotation.ProfileValueUtils - Retrieved @ProfileValueSourceConfiguration [null] for test class [com.kms.project.springboot.web.PostsApiControllerTest]
23:58:53.194 [Test worker] DEBUG org.springframework.test.annotation.ProfileValueUtils - Retrieved ProfileValueSource type [class org.springframework.test.annotation.SystemProfileValueSource] for class [com.kms.project.springboot.web.PostsApiControllerTest]
23:58:53.196 [Test worker] DEBUG org.springframework.test.annotation.ProfileValueUtils - Retrieved @ProfileValueSourceConfiguration [null] for test class [com.kms.project.springboot.web.PostsApiControllerTest]
23:58:53.196 [Test worker] DEBUG org.springframework.test.annotation.ProfileValueUtils - Retrieved ProfileValueSource type [class org.springframework.test.annotation.SystemProfileValueSource] for class [com.kms.project.springboot.web.PostsApiControllerTest]
23:58:53.196 [Test worker] DEBUG org.springframework.test.annotation.ProfileValueUtils - Retrieved @ProfileValueSourceConfiguration [null] for test class [com.kms.project.springboot.web.PostsApiControllerTest]
23:58:53.196 [Test worker] DEBUG org.springframework.test.annotation.ProfileValueUtils - Retrieved ProfileValueSource type [class org.springframework.test.annotation.SystemProfileValueSource] for class [com.kms.project.springboot.web.PostsApiControllerTest]
23:58:53.199 [Test worker] DEBUG org.springframework.test.context.support.AbstractDirtiesContextTestExecutionListener - Before test class: context [DefaultTestContext@3defaeaf testClass = PostsApiControllerTest, testInstance = [null], testMethod = [null], testException = [null], mergedContextConfiguration = [WebMergedContextConfiguration@2128a6c5 testClass = PostsApiControllerTest, locations = '{}', classes = '{class com.kms.project.springboot.Application}', contextInitializerClasses = '[]', activeProfiles = '{}', propertySourceLocations = '{}', propertySourceProperties = '{org.springframework.boot.test.context.SpringBootTestContextBootstrapper=true, server.port=0}', contextCustomizers = set[org.springframework.boot.test.autoconfigure.properties.PropertyMappingContextCustomizer@0, org.springframework.boot.test.autoconfigure.web.servlet.WebDriverContextCustomizerFactory$Customizer@4660c24b, org.springframework.boot.test.context.filter.ExcludeFilterContextCustomizer@33b04ff9, org.springframework.boot.test.json.DuplicateJsonObjectContextCustomizerFactory$DuplicateJsonObjectContextCustomizer@7141fd24, org.springframework.boot.test.mock.mockito.MockitoContextCustomizer@0, org.springframework.boot.test.web.client.TestRestTemplateContextCustomizer@201f3478], resourceBasePath = 'src/main/webapp', contextLoader = 'org.springframework.boot.test.context.SpringBootContextLoader', parent = [null]], attributes = map['org.springframework.test.context.web.ServletTestExecutionListener.activateListener' -> false]], class annotated with @DirtiesContext [false] with mode [null].
23:58:53.200 [Test worker] DEBUG org.springframework.test.annotation.ProfileValueUtils - Retrieved @ProfileValueSourceConfiguration [null] for test class [com.kms.project.springboot.web.PostsApiControllerTest]
23:58:53.200 [Test worker] DEBUG org.springframework.test.annotation.ProfileValueUtils - Retrieved ProfileValueSource type [class org.springframework.test.annotation.SystemProfileValueSource] for class [com.kms.project.springboot.web.PostsApiControllerTest]
23:58:53.205 [Test worker] DEBUG org.springframework.test.context.support.DependencyInjectionTestExecutionListener - Performing dependency injection for test context [[DefaultTestContext@3defaeaf testClass = PostsApiControllerTest, testInstance = com.kms.project.springboot.web.PostsApiControllerTest@1c362615, testMethod = [null], testException = [null], mergedContextConfiguration = [WebMergedContextConfiguration@2128a6c5 testClass = PostsApiControllerTest, locations = '{}', classes = '{class com.kms.project.springboot.Application}', contextInitializerClasses = '[]', activeProfiles = '{}', propertySourceLocations = '{}', propertySourceProperties = '{org.springframework.boot.test.context.SpringBootTestContextBootstrapper=true, server.port=0}', contextCustomizers = set[org.springframework.boot.test.autoconfigure.properties.PropertyMappingContextCustomizer@0, org.springframework.boot.test.autoconfigure.web.servlet.WebDriverContextCustomizerFactory$Customizer@4660c24b, org.springframework.boot.test.context.filter.ExcludeFilterContextCustomizer@33b04ff9, org.springframework.boot.test.json.DuplicateJsonObjectContextCustomizerFactory$DuplicateJsonObjectContextCustomizer@7141fd24, org.springframework.boot.test.mock.mockito.MockitoContextCustomizer@0, org.springframework.boot.test.web.client.TestRestTemplateContextCustomizer@201f3478], resourceBasePath = 'src/main/webapp', contextLoader = 'org.springframework.boot.test.context.SpringBootContextLoader', parent = [null]], attributes = map['org.springframework.test.context.web.ServletTestExecutionListener.activateListener' -> false]]].
23:58:53.226 [Test worker] DEBUG org.springframework.test.context.support.TestPropertySourceUtils - Adding inlined properties to environment: {spring.jmx.enabled=false, org.springframework.boot.test.context.SpringBootTestContextBootstrapper=true, server.port=0}

  .   ____          _            __ _ _
 /\\ / ___'_ __ _ _(_)_ __  __ _ \ \ \ \
( ( )\___ | '_ | '_| | '_ \/ _` | \ \ \ \
 \\/  ___)| |_)| | | | | || (_| |  ) ) ) )
  '  |____| .__|_| |_|_| |_\__, | / / / /
 =========|_|==============|___/=/_/_/_/
 :: Spring Boot ::        (v2.1.7.RELEASE)

2022-04-11 23:58:53.525  INFO 11719 --- [    Test worker] c.k.p.s.web.PostsApiControllerTest       : Starting PostsApiControllerTest on gimminseog-ui-MacBookPro.local with PID 11719 (started by kimminseok in /Users/kimminseok/Desktop/study/study_spring)
2022-04-11 23:58:53.526  INFO 11719 --- [    Test worker] c.k.p.s.web.PostsApiControllerTest       : The following profiles are active: oauth,real-db,local
2022-04-11 23:58:54.111  INFO 11719 --- [    Test worker] .s.d.r.c.RepositoryConfigurationDelegate : Bootstrapping Spring Data repositories in DEFAULT mode.
2022-04-11 23:58:54.178  INFO 11719 --- [    Test worker] .s.d.r.c.RepositoryConfigurationDelegate : Finished Spring Data repository scanning in 59ms. Found 2 repository interfaces.
2022-04-11 23:58:54.577  INFO 11719 --- [    Test worker] trationDelegate$BeanPostProcessorChecker : Bean 'org.springframework.transaction.annotation.ProxyTransactionManagementConfiguration' of type [org.springframework.transaction.annotation.ProxyTransactionManagementConfiguration$$EnhancerBySpringCGLIB$$aa3fa4c8] is not eligible for getting processed by all BeanPostProcessors (for example: not eligible for auto-proxying)
2022-04-11 23:58:54.851  INFO 11719 --- [    Test worker] o.s.b.w.embedded.tomcat.TomcatWebServer  : Tomcat initialized with port(s): 0 (http)
2022-04-11 23:58:54.869  INFO 11719 --- [    Test worker] o.apache.catalina.core.StandardService   : Starting service [Tomcat]
2022-04-11 23:58:54.870  INFO 11719 --- [    Test worker] org.apache.catalina.core.StandardEngine  : Starting Servlet engine: [Apache Tomcat/9.0.22]
2022-04-11 23:58:54.942  INFO 11719 --- [    Test worker] o.a.c.c.C.[Tomcat].[localhost].[/]       : Initializing Spring embedded WebApplicationContext
2022-04-11 23:58:54.942  INFO 11719 --- [    Test worker] o.s.web.context.ContextLoader            : Root WebApplicationContext: initialization completed in 1401 ms
2022-04-11 23:58:55.171  INFO 11719 --- [    Test worker] com.zaxxer.hikari.HikariDataSource       : HikariPool-1 - Starting...
2022-04-11 23:58:55.335  INFO 11719 --- [    Test worker] com.zaxxer.hikari.HikariDataSource       : HikariPool-1 - Start completed.
2022-04-11 23:58:55.424  INFO 11719 --- [    Test worker] o.hibernate.jpa.internal.util.LogHelper  : HHH000204: Processing PersistenceUnitInfo [
	name: default
	...]
2022-04-11 23:58:55.495  INFO 11719 --- [    Test worker] org.hibernate.Version                    : HHH000412: Hibernate Core {5.3.10.Final}
2022-04-11 23:58:55.496  INFO 11719 --- [    Test worker] org.hibernate.cfg.Environment            : HHH000206: hibernate.properties not found
2022-04-11 23:58:55.662  INFO 11719 --- [    Test worker] o.hibernate.annotations.common.Version   : HCANN000001: Hibernate Commons Annotations {5.0.4.Final}
2022-04-11 23:58:55.800  INFO 11719 --- [    Test worker] org.hibernate.dialect.Dialect            : HHH000400: Using dialect: org.hibernate.dialect.H2Dialect
Hibernate: drop table posts if exists
Hibernate: drop table user if exists
Hibernate: create table posts (id bigint generated by default as identity, created_date timestamp, modified_date timestamp, author varchar(255), content TEXT not null, title varchar(500) not null, primary key (id))
Hibernate: create table user (in bigint generated by default as identity, created_date timestamp, modified_date timestamp, email varchar(255) not null, name varchar(255) not null, picture varchar(255), role varchar(255) not null, primary key (in))
2022-04-11 23:58:56.389  INFO 11719 --- [    Test worker] o.h.t.schema.internal.SchemaCreatorImpl  : HHH000476: Executing import script 'org.hibernate.tool.schema.internal.exec.ScriptSourceInputNonExistentImpl@1aab2112'
2022-04-11 23:58:56.391  INFO 11719 --- [    Test worker] j.LocalContainerEntityManagerFactoryBean : Initialized JPA EntityManagerFactory for persistence unit 'default'
2022-04-11 23:58:57.072  INFO 11719 --- [    Test worker] o.h.h.i.QueryTranslatorFactoryInitiator  : HHH000397: Using ASTQueryTranslatorFactory
2022-04-11 23:58:57.433  INFO 11719 --- [    Test worker] o.s.s.web.DefaultSecurityFilterChain     : Creating filter chain: any request, [org.springframework.security.web.context.request.async.WebAsyncManagerIntegrationFilter@a78d0fc, org.springframework.security.web.context.SecurityContextPersistenceFilter@612ccc73, org.springframework.security.web.header.HeaderWriterFilter@12ff5b87, org.springframework.security.web.authentication.logout.LogoutFilter@3a162b41, org.springframework.security.oauth2.client.web.OAuth2AuthorizationRequestRedirectFilter@6bf10116, org.springframework.security.oauth2.client.web.OAuth2LoginAuthenticationFilter@7f6ae69b, org.springframework.security.web.authentication.ui.DefaultLoginPageGeneratingFilter@3cda9c45, org.springframework.security.web.authentication.ui.DefaultLogoutPageGeneratingFilter@593f2eae, org.springframework.security.web.savedrequest.RequestCacheAwareFilter@291eaa67, org.springframework.security.web.servletapi.SecurityContextHolderAwareRequestFilter@6a403dc, org.springframework.security.web.authentication.AnonymousAuthenticationFilter@6c4637d2, org.springframework.security.web.session.SessionManagementFilter@2027ee26, org.springframework.security.web.access.ExceptionTranslationFilter@22de0869, org.springframework.security.web.access.intercept.FilterSecurityInterceptor@5b425eb5]
2022-04-11 23:58:57.712  INFO 11719 --- [    Test worker] o.s.s.concurrent.ThreadPoolTaskExecutor  : Initializing ExecutorService 'applicationTaskExecutor'
2022-04-11 23:58:57.758  WARN 11719 --- [    Test worker] aWebConfiguration$JpaWebMvcConfiguration : spring.jpa.open-in-view is enabled by default. Therefore, database queries may be performed during view rendering. Explicitly configure spring.jpa.open-in-view to disable this warning
2022-04-11 23:58:57.802  INFO 11719 --- [    Test worker] o.s.b.a.w.s.WelcomePageHandlerMapping    : Adding welcome page template: index
2022-04-11 23:58:58.074  INFO 11719 --- [    Test worker] s.a.ScheduledAnnotationBeanPostProcessor : No TaskScheduler/ScheduledExecutorService bean found for scheduled processing
2022-04-11 23:58:58.094  INFO 11719 --- [    Test worker] o.s.b.w.embedded.tomcat.TomcatWebServer  : Tomcat started on port(s): 52949 (http) with context path ''
2022-04-11 23:58:58.096  INFO 11719 --- [    Test worker] c.k.p.s.web.PostsApiControllerTest       : Started PostsApiControllerTest in 4.869 seconds (JVM running for 5.654)
2022-04-11 23:58:58.159  INFO 11719 --- [    Test worker] o.a.c.c.C.[Tomcat].[localhost].[/]       : Initializing Spring TestDispatcherServlet ''
2022-04-11 23:58:58.160  INFO 11719 --- [    Test worker] o.s.t.web.servlet.TestDispatcherServlet  : Initializing Servlet ''
2022-04-11 23:58:58.169  INFO 11719 --- [    Test worker] o.s.t.web.servlet.TestDispatcherServlet  : Completed initialization in 9 ms
Hibernate: insert into posts (id, created_date, modified_date, author, content, title) values (null, ?, ?, ?, ?, ?)
Hibernate: select posts0_.id as id1_0_, posts0_.created_date as created_2_0_, posts0_.modified_date as modified3_0_, posts0_.author as author4_0_, posts0_.content as content5_0_, posts0_.title as title6_0_ from posts posts0_
Hibernate: select posts0_.id as id1_0_, posts0_.created_date as created_2_0_, posts0_.modified_date as modified3_0_, posts0_.author as author4_0_, posts0_.content as content5_0_, posts0_.title as title6_0_ from posts posts0_
Hibernate: delete from posts where id=?
2022-04-11 23:58:58.417  INFO 11719 --- [    Test worker] o.a.c.c.C.[Tomcat].[localhost].[/]       : Initializing Spring TestDispatcherServlet ''
2022-04-11 23:58:58.417  INFO 11719 --- [    Test worker] o.s.t.web.servlet.TestDispatcherServlet  : Initializing Servlet ''
2022-04-11 23:58:58.419  INFO 11719 --- [    Test worker] o.s.t.web.servlet.TestDispatcherServlet  : Completed initialization in 2 ms
Hibernate: insert into posts (id, created_date, modified_date, author, content, title) values (null, ?, ?, ?, ?, ?)
Hibernate: select posts0_.id as id1_0_0_, posts0_.created_date as created_2_0_0_, posts0_.modified_date as modified3_0_0_, posts0_.author as author4_0_0_, posts0_.content as content5_0_0_, posts0_.title as title6_0_0_ from posts posts0_ where posts0_.id=?
Hibernate: update posts set created_date=?, modified_date=?, author=?, content=?, title=? where id=?
Hibernate: select posts0_.id as id1_0_, posts0_.created_date as created_2_0_, posts0_.modified_date as modified3_0_, posts0_.author as author4_0_, posts0_.content as content5_0_, posts0_.title as title6_0_ from posts posts0_
Hibernate: select posts0_.id as id1_0_, posts0_.created_date as created_2_0_, posts0_.modified_date as modified3_0_, posts0_.author as author4_0_, posts0_.content as content5_0_, posts0_.title as title6_0_ from posts posts0_
Hibernate: delete from posts where id=?
2022-04-11 23:58:58.441  INFO 11719 --- [    Test worker] o.a.c.c.C.[Tomcat].[localhost].[/]       : Initializing Spring TestDispatcherServlet ''
2022-04-11 23:58:58.441  INFO 11719 --- [    Test worker] o.s.t.web.servlet.TestDispatcherServlet  : Initializing Servlet ''
2022-04-11 23:58:58.443  INFO 11719 --- [    Test worker] o.s.t.web.servlet.TestDispatcherServlet  : Completed initialization in 2 ms
Hibernate: insert into posts (id, created_date, modified_date, author, content, title) values (null, ?, ?, ?, ?, ?)
Hibernate: select posts0_.id as id1_0_, posts0_.created_date as created_2_0_, posts0_.modified_date as modified3_0_, posts0_.author as author4_0_, posts0_.content as content5_0_, posts0_.title as title6_0_ from posts posts0_
>>>>>>>>>> createDate=2022-04-11T23:58:58.444, modifiedDate=2022-04-11T23:58:58.444
Hibernate: select posts0_.id as id1_0_, posts0_.created_date as created_2_0_, posts0_.modified_date as modified3_0_, posts0_.author as author4_0_, posts0_.content as content5_0_, posts0_.title as title6_0_ from posts posts0_
Hibernate: delete from posts where id=?
]]></system-out>
  <system-err><![CDATA[]]></system-err>
</testsuite>
