<?xml version="1.0" encoding="UTF-8"?>
<testsuite name="com.kms.project.springboot.web.IndexControllerTest" tests="1" skipped="0" failures="0" errors="0" timestamp="2022-03-13T12:07:04" hostname="gimminseog-ui-MacBookPro-2.local" time="0.134">
  <properties/>
  <testcase name="mainpage_loading" classname="com.kms.project.springboot.web.IndexControllerTest" time="0.134"/>
  <system-out><![CDATA[2022-03-13 21:07:04.493  INFO 3127 --- [    Test worker] .b.t.c.SpringBootTestContextBootstrapper : Neither @ContextConfiguration nor @ContextHierarchy found for test class [com.kms.project.springboot.web.IndexControllerTest], using SpringBootContextLoader
2022-03-13 21:07:04.493  INFO 3127 --- [    Test worker] o.s.t.c.support.AbstractContextLoader    : Could not detect default resource locations for test class [com.kms.project.springboot.web.IndexControllerTest]: no resource found for suffixes {-context.xml, Context.groovy}.
2022-03-13 21:07:04.493  INFO 3127 --- [    Test worker] t.c.s.AnnotationConfigContextLoaderUtils : Could not detect default configuration classes for test class [com.kms.project.springboot.web.IndexControllerTest]: IndexControllerTest does not declare any static, non-private, non-final, nested classes annotated with @Configuration.
2022-03-13 21:07:04.494  INFO 3127 --- [    Test worker] .b.t.c.SpringBootTestContextBootstrapper : Found @SpringBootConfiguration com.kms.project.springboot.Application for test class com.kms.project.springboot.web.IndexControllerTest
2022-03-13 21:07:04.495  INFO 3127 --- [    Test worker] .b.t.c.SpringBootTestContextBootstrapper : Loaded default TestExecutionListener class names from location [META-INF/spring.factories]: [org.springframework.security.test.context.support.WithSecurityContextTestExecutionListener, org.springframework.security.test.context.support.ReactorContextTestExecutionListener, org.springframework.boot.test.autoconfigure.restdocs.RestDocsTestExecutionListener, org.springframework.boot.test.autoconfigure.web.client.MockRestServiceServerResetTestExecutionListener, org.springframework.boot.test.autoconfigure.web.servlet.MockMvcPrintOnlyOnFailureTestExecutionListener, org.springframework.boot.test.autoconfigure.web.servlet.WebDriverTestExecutionListener, org.springframework.boot.test.mock.mockito.MockitoTestExecutionListener, org.springframework.boot.test.mock.mockito.ResetMocksTestExecutionListener, org.springframework.test.context.web.ServletTestExecutionListener, org.springframework.test.context.support.DirtiesContextBeforeModesTestExecutionListener, org.springframework.test.context.support.DependencyInjectionTestExecutionListener, org.springframework.test.context.support.DirtiesContextTestExecutionListener, org.springframework.test.context.transaction.TransactionalTestExecutionListener, org.springframework.test.context.jdbc.SqlScriptsTestExecutionListener]
2022-03-13 21:07:04.496  INFO 3127 --- [    Test worker] .b.t.c.SpringBootTestContextBootstrapper : Using TestExecutionListeners: [org.springframework.test.context.web.ServletTestExecutionListener@35820747, org.springframework.test.context.support.DirtiesContextBeforeModesTestExecutionListener@6ad727fd, org.springframework.boot.test.mock.mockito.MockitoTestExecutionListener@3eb06102, org.springframework.boot.test.autoconfigure.SpringBootDependencyInjectionTestExecutionListener@47cfb738, org.springframework.test.context.support.DirtiesContextTestExecutionListener@625238b9, org.springframework.test.context.transaction.TransactionalTestExecutionListener@316913c1, org.springframework.test.context.jdbc.SqlScriptsTestExecutionListener@ceccc9f, org.springframework.security.test.context.support.WithSecurityContextTestExecutionListener@36a0dc4d, org.springframework.security.test.context.support.ReactorContextTestExecutionListener@45c4add0, org.springframework.boot.test.autoconfigure.restdocs.RestDocsTestExecutionListener@3cca49b2, org.springframework.boot.test.autoconfigure.web.client.MockRestServiceServerResetTestExecutionListener@56a8e280, org.springframework.boot.test.autoconfigure.web.servlet.MockMvcPrintOnlyOnFailureTestExecutionListener@665a1eac, org.springframework.boot.test.autoconfigure.web.servlet.WebDriverTestExecutionListener@690859a, org.springframework.boot.test.mock.mockito.ResetMocksTestExecutionListener@68f9cb23]
2022-03-13 21:07:04.570  INFO 3127 --- [o-auto-1-exec-1] o.a.c.c.C.[Tomcat].[localhost].[/]       : Initializing Spring DispatcherServlet 'dispatcherServlet'
2022-03-13 21:07:04.570  INFO 3127 --- [o-auto-1-exec-1] o.s.web.servlet.DispatcherServlet        : Initializing Servlet 'dispatcherServlet'
2022-03-13 21:07:04.574  INFO 3127 --- [o-auto-1-exec-1] o.s.web.servlet.DispatcherServlet        : Completed initialization in 4 ms
]]></system-out>
  <system-err><![CDATA[]]></system-err>
</testsuite>
