<?xml version="1.0" encoding="UTF-8"?>
<testsuite name="com.kms.project.springboot.web.PostsApiControllerTest" tests="3" skipped="0" failures="0" errors="0" timestamp="2022-04-11T15:48:26" hostname="gimminseog-ui-MacBookPro.local" time="0.388">
  <properties/>
  <testcase name="Posts_regist" classname="com.kms.project.springboot.web.PostsApiControllerTest" time="0.351"/>
  <testcase name="Posts_update" classname="com.kms.project.springboot.web.PostsApiControllerTest" time="0.026"/>
  <testcase name="BaseTimeEntity_regist" classname="com.kms.project.springboot.web.PostsApiControllerTest" time="0.011"/>
  <system-out><![CDATA[00:48:21.094 [Test worker] DEBUG org.springframework.test.context.junit4.SpringJUnit4ClassRunner - SpringJUnit4ClassRunner constructor called with [class com.kms.project.springboot.web.PostsApiControllerTest]
00:48:21.100 [Test worker] DEBUG org.springframework.test.context.BootstrapUtils - Instantiating CacheAwareContextLoaderDelegate from class [org.springframework.test.context.cache.DefaultCacheAwareContextLoaderDelegate]
00:48:21.106 [Test worker] DEBUG org.springframework.test.context.BootstrapUtils - Instantiating BootstrapContext using constructor [public org.springframework.test.context.support.DefaultBootstrapContext(java.lang.Class,org.springframework.test.context.CacheAwareContextLoaderDelegate)]
00:48:21.123 [Test worker] DEBUG org.springframework.test.context.BootstrapUtils - Instantiating TestContextBootstrapper for test class [com.kms.project.springboot.web.PostsApiControllerTest] from class [org.springframework.boot.test.context.SpringBootTestContextBootstrapper]
00:48:21.131 [Test worker] INFO org.springframework.boot.test.context.SpringBootTestContextBootstrapper - Neither @ContextConfiguration nor @ContextHierarchy found for test class [com.kms.project.springboot.web.PostsApiControllerTest], using SpringBootContextLoader
00:48:21.134 [Test worker] DEBUG org.springframework.test.context.support.AbstractContextLoader - Did not detect default resource location for test class [com.kms.project.springboot.web.PostsApiControllerTest]: class path resource [com/kms/project/springboot/web/PostsApiControllerTest-context.xml] does not exist
00:48:21.134 [Test worker] DEBUG org.springframework.test.context.support.AbstractContextLoader - Did not detect default resource location for test class [com.kms.project.springboot.web.PostsApiControllerTest]: class path resource [com/kms/project/springboot/web/PostsApiControllerTestContext.groovy] does not exist
00:48:21.134 [Test worker] INFO org.springframework.test.context.support.AbstractContextLoader - Could not detect default resource locations for test class [com.kms.project.springboot.web.PostsApiControllerTest]: no resource found for suffixes {-context.xml, Context.groovy}.
00:48:21.135 [Test worker] INFO org.springframework.test.context.support.AnnotationConfigContextLoaderUtils - Could not detect default configuration classes for test class [com.kms.project.springboot.web.PostsApiControllerTest]: PostsApiControllerTest does not declare any static, non-private, non-final, nested classes annotated with @Configuration.
00:48:21.170 [Test worker] DEBUG org.springframework.test.context.support.ActiveProfilesUtils - Could not find an 'annotation declaring class' for annotation type [org.springframework.test.context.ActiveProfiles] and class [com.kms.project.springboot.web.PostsApiControllerTest]
00:48:21.250 [Test worker] DEBUG org.springframework.context.annotation.ClassPathScanningCandidateComponentProvider - Identified candidate component class: file [/Users/kimminseok/Desktop/study/study_spring/build/classes/java/main/com/kms/project/springboot/Application.class]
00:48:21.251 [Test worker] INFO org.springframework.boot.test.context.SpringBootTestContextBootstrapper - Found @SpringBootConfiguration com.kms.project.springboot.Application for test class com.kms.project.springboot.web.PostsApiControllerTest
00:48:21.350 [Test worker] DEBUG org.springframework.boot.test.context.SpringBootTestContextBootstrapper - @TestExecutionListeners is not present for class [com.kms.project.springboot.web.PostsApiControllerTest]: using defaults.
00:48:21.351 [Test worker] INFO org.springframework.boot.test.context.SpringBootTestContextBootstrapper - Loaded default TestExecutionListener class names from location [META-INF/spring.factories]: [org.springframework.security.test.context.support.WithSecurityContextTestExecutionListener, org.springframework.security.test.context.support.ReactorContextTestExecutionListener, org.springframework.boot.test.autoconfigure.restdocs.RestDocsTestExecutionListener, org.springframework.boot.test.autoconfigure.web.client.MockRestServiceServerResetTestExecutionListener, org.springframework.boot.test.autoconfigure.web.servlet.MockMvcPrintOnlyOnFailureTestExecutionListener, org.springframework.boot.test.autoconfigure.web.servlet.WebDriverTestExecutionListener, org.springframework.boot.test.mock.mockito.MockitoTestExecutionListener, org.springframework.boot.test.mock.mockito.ResetMocksTestExecutionListener, org.springframework.test.context.web.ServletTestExecutionListener, org.springframework.test.context.support.DirtiesContextBeforeModesTestExecutionListener, org.springframework.test.context.support.DependencyInjectionTestExecutionListener, org.springframework.test.context.support.DirtiesContextTestExecutionListener, org.springframework.test.context.transaction.TransactionalTestExecutionListener, org.springframework.test.context.jdbc.SqlScriptsTestExecutionListener]
00:48:21.368 [Test worker] INFO org.springframework.boot.test.context.SpringBootTestContextBootstrapper - Using TestExecutionListeners: [org.springframework.test.context.web.ServletTestExecutionListener@7a6a8f87, org.springframework.test.context.support.DirtiesContextBeforeModesTestExecutionListener@426061fc, org.springframework.boot.test.mock.mockito.MockitoTestExecutionListener@4e1fe004, org.springframework.boot.test.autoconfigure.SpringBootDependencyInjectionTestExecutionListener@6a2e01bf, org.springframework.test.context.support.DirtiesContextTestExecutionListener@4416adca, org.springframework.test.context.transaction.TransactionalTestExecutionListener@5384b35, org.springframework.test.context.jdbc.SqlScriptsTestExecutionListener@34169456, org.springframework.security.test.context.support.WithSecurityContextTestExecutionListener@2e2f4892, org.springframework.security.test.context.support.ReactorContextTestExecutionListener@5fa6c860, org.springframework.boot.test.autoconfigure.restdocs.RestDocsTestExecutionListener@18005142, org.springframework.boot.test.autoconfigure.web.client.MockRestServiceServerResetTestExecutionListener@1834c230, org.springframework.boot.test.autoconfigure.web.servlet.MockMvcPrintOnlyOnFailureTestExecutionListener@4c0b627c, org.springframework.boot.test.autoconfigure.web.servlet.WebDriverTestExecutionListener@25075655, org.springframework.boot.test.mock.mockito.ResetMocksTestExecutionListener@3f9799f6]
00:48:21.371 [Test worker] DEBUG org.springframework.test.annotation.ProfileValueUtils - Retrieved @ProfileValueSourceConfiguration [null] for test class [com.kms.project.springboot.web.PostsApiControllerTest]
00:48:21.371 [Test worker] DEBUG org.springframework.test.annotation.ProfileValueUtils - Retrieved ProfileValueSource type [class org.springframework.test.annotation.SystemProfileValueSource] for class [com.kms.project.springboot.web.PostsApiControllerTest]
00:48:21.373 [Test worker] DEBUG org.springframework.test.annotation.ProfileValueUtils - Retrieved @ProfileValueSourceConfiguration [null] for test class [com.kms.project.springboot.web.PostsApiControllerTest]
00:48:21.373 [Test worker] DEBUG org.springframework.test.annotation.ProfileValueUtils - Retrieved ProfileValueSource type [class org.springframework.test.annotation.SystemProfileValueSource] for class [com.kms.project.springboot.web.PostsApiControllerTest]
00:48:21.373 [Test worker] DEBUG org.springframework.test.annotation.ProfileValueUtils - Retrieved @ProfileValueSourceConfiguration [null] for test class [com.kms.project.springboot.web.PostsApiControllerTest]
00:48:21.373 [Test worker] DEBUG org.springframework.test.annotation.ProfileValueUtils - Retrieved ProfileValueSource type [class org.springframework.test.annotation.SystemProfileValueSource] for class [com.kms.project.springboot.web.PostsApiControllerTest]
00:48:21.376 [Test worker] DEBUG org.springframework.test.context.support.AbstractDirtiesContextTestExecutionListener - Before test class: context [DefaultTestContext@c007731 testClass = PostsApiControllerTest, testInstance = [null], testMethod = [null], testException = [null], mergedContextConfiguration = [WebMergedContextConfiguration@718118c3 testClass = PostsApiControllerTest, locations = '{}', classes = '{class com.kms.project.springboot.Application}', contextInitializerClasses = '[]', activeProfiles = '{}', propertySourceLocations = '{}', propertySourceProperties = '{org.springframework.boot.test.context.SpringBootTestContextBootstrapper=true, server.port=0}', contextCustomizers = set[org.springframework.boot.test.autoconfigure.properties.PropertyMappingContextCustomizer@0, org.springframework.boot.test.autoconfigure.web.servlet.WebDriverContextCustomizerFactory$Customizer@4029721b, org.springframework.boot.test.context.filter.ExcludeFilterContextCustomizer@57bd7fc4, org.springframework.boot.test.json.DuplicateJsonObjectContextCustomizerFactory$DuplicateJsonObjectContextCustomizer@6448fef0, org.springframework.boot.test.mock.mockito.MockitoContextCustomizer@0, org.springframework.boot.test.web.client.TestRestTemplateContextCustomizer@2ec645f0], resourceBasePath = 'src/main/webapp', contextLoader = 'org.springframework.boot.test.context.SpringBootContextLoader', parent = [null]], attributes = map['org.springframework.test.context.web.ServletTestExecutionListener.activateListener' -> false]], class annotated with @DirtiesContext [false] with mode [null].
00:48:21.377 [Test worker] DEBUG org.springframework.test.annotation.ProfileValueUtils - Retrieved @ProfileValueSourceConfiguration [null] for test class [com.kms.project.springboot.web.PostsApiControllerTest]
00:48:21.377 [Test worker] DEBUG org.springframework.test.annotation.ProfileValueUtils - Retrieved ProfileValueSource type [class org.springframework.test.annotation.SystemProfileValueSource] for class [com.kms.project.springboot.web.PostsApiControllerTest]
00:48:21.382 [Test worker] DEBUG org.springframework.test.context.support.DependencyInjectionTestExecutionListener - Performing dependency injection for test context [[DefaultTestContext@c007731 testClass = PostsApiControllerTest, testInstance = com.kms.project.springboot.web.PostsApiControllerTest@43cb09a0, testMethod = [null], testException = [null], mergedContextConfiguration = [WebMergedContextConfiguration@718118c3 testClass = PostsApiControllerTest, locations = '{}', classes = '{class com.kms.project.springboot.Application}', contextInitializerClasses = '[]', activeProfiles = '{}', propertySourceLocations = '{}', propertySourceProperties = '{org.springframework.boot.test.context.SpringBootTestContextBootstrapper=true, server.port=0}', contextCustomizers = set[org.springframework.boot.test.autoconfigure.properties.PropertyMappingContextCustomizer@0, org.springframework.boot.test.autoconfigure.web.servlet.WebDriverContextCustomizerFactory$Customizer@4029721b, org.springframework.boot.test.context.filter.ExcludeFilterContextCustomizer@57bd7fc4, org.springframework.boot.test.json.DuplicateJsonObjectContextCustomizerFactory$DuplicateJsonObjectContextCustomizer@6448fef0, org.springframework.boot.test.mock.mockito.MockitoContextCustomizer@0, org.springframework.boot.test.web.client.TestRestTemplateContextCustomizer@2ec645f0], resourceBasePath = 'src/main/webapp', contextLoader = 'org.springframework.boot.test.context.SpringBootContextLoader', parent = [null]], attributes = map['org.springframework.test.context.web.ServletTestExecutionListener.activateListener' -> false]]].
00:48:21.404 [Test worker] DEBUG org.springframework.test.context.support.TestPropertySourceUtils - Adding inlined properties to environment: {spring.jmx.enabled=false, org.springframework.boot.test.context.SpringBootTestContextBootstrapper=true, server.port=0}

  .   ____          _            __ _ _
 /\\ / ___'_ __ _ _(_)_ __  __ _ \ \ \ \
( ( )\___ | '_ | '_| | '_ \/ _` | \ \ \ \
 \\/  ___)| |_)| | | | | || (_| |  ) ) ) )
  '  |____| .__|_| |_|_| |_\__, | / / / /
 =========|_|==============|___/=/_/_/_/
 :: Spring Boot ::        (v2.1.7.RELEASE)

2022-04-12 00:48:21.709  INFO 13538 --- [    Test worker] c.k.p.s.web.PostsApiControllerTest       : Starting PostsApiControllerTest on gimminseog-ui-MacBookPro.local with PID 13538 (started by kimminseok in /Users/kimminseok/Desktop/study/study_spring)
2022-04-12 00:48:21.710  INFO 13538 --- [    Test worker] c.k.p.s.web.PostsApiControllerTest       : The following profiles are active: oauth,real-db,local
2022-04-12 00:48:22.485  INFO 13538 --- [    Test worker] .s.d.r.c.RepositoryConfigurationDelegate : Bootstrapping Spring Data repositories in DEFAULT mode.
2022-04-12 00:48:22.573  INFO 13538 --- [    Test worker] .s.d.r.c.RepositoryConfigurationDelegate : Finished Spring Data repository scanning in 74ms. Found 2 repository interfaces.
2022-04-12 00:48:23.058  INFO 13538 --- [    Test worker] trationDelegate$BeanPostProcessorChecker : Bean 'org.springframework.transaction.annotation.ProxyTransactionManagementConfiguration' of type [org.springframework.transaction.annotation.ProxyTransactionManagementConfiguration$$EnhancerBySpringCGLIB$$b72a00e8] is not eligible for getting processed by all BeanPostProcessors (for example: not eligible for auto-proxying)
2022-04-12 00:48:23.457  INFO 13538 --- [    Test worker] o.s.b.w.embedded.tomcat.TomcatWebServer  : Tomcat initialized with port(s): 0 (http)
2022-04-12 00:48:23.484  INFO 13538 --- [    Test worker] o.apache.catalina.core.StandardService   : Starting service [Tomcat]
2022-04-12 00:48:23.485  INFO 13538 --- [    Test worker] org.apache.catalina.core.StandardEngine  : Starting Servlet engine: [Apache Tomcat/9.0.22]
2022-04-12 00:48:23.584  INFO 13538 --- [    Test worker] o.a.c.c.C.[Tomcat].[localhost].[/]       : Initializing Spring embedded WebApplicationContext
2022-04-12 00:48:23.585  INFO 13538 --- [    Test worker] o.s.web.context.ContextLoader            : Root WebApplicationContext: initialization completed in 1861 ms
2022-04-12 00:48:23.899  INFO 13538 --- [    Test worker] com.zaxxer.hikari.HikariDataSource       : HikariPool-1 - Starting...
2022-04-12 00:48:24.105  INFO 13538 --- [    Test worker] com.zaxxer.hikari.HikariDataSource       : HikariPool-1 - Start completed.
2022-04-12 00:48:24.197  INFO 13538 --- [    Test worker] o.hibernate.jpa.internal.util.LogHelper  : HHH000204: Processing PersistenceUnitInfo [
	name: default
	...]
2022-04-12 00:48:24.289  INFO 13538 --- [    Test worker] org.hibernate.Version                    : HHH000412: Hibernate Core {5.3.10.Final}
2022-04-12 00:48:24.291  INFO 13538 --- [    Test worker] org.hibernate.cfg.Environment            : HHH000206: hibernate.properties not found
2022-04-12 00:48:24.479  INFO 13538 --- [    Test worker] o.hibernate.annotations.common.Version   : HCANN000001: Hibernate Commons Annotations {5.0.4.Final}
2022-04-12 00:48:24.615  INFO 13538 --- [    Test worker] org.hibernate.dialect.Dialect            : HHH000400: Using dialect: org.hibernate.dialect.H2Dialect
Hibernate: drop table posts if exists
Hibernate: drop table user if exists
Hibernate: create table posts (id bigint generated by default as identity, created_date timestamp, modified_date timestamp, author varchar(255), content TEXT not null, title varchar(500) not null, primary key (id))
Hibernate: create table user (in bigint generated by default as identity, created_date timestamp, modified_date timestamp, email varchar(255) not null, name varchar(255) not null, picture varchar(255), role varchar(255) not null, primary key (in))
2022-04-12 00:48:25.230  INFO 13538 --- [    Test worker] o.h.t.schema.internal.SchemaCreatorImpl  : HHH000476: Executing import script 'org.hibernate.tool.schema.internal.exec.ScriptSourceInputNonExistentImpl@7c53ef0e'
2022-04-12 00:48:25.232  INFO 13538 --- [    Test worker] j.LocalContainerEntityManagerFactoryBean : Initialized JPA EntityManagerFactory for persistence unit 'default'
2022-04-12 00:48:25.956  INFO 13538 --- [    Test worker] o.h.h.i.QueryTranslatorFactoryInitiator  : HHH000397: Using ASTQueryTranslatorFactory
2022-04-12 00:48:26.314  INFO 13538 --- [    Test worker] o.s.s.web.DefaultSecurityFilterChain     : Creating filter chain: any request, [org.springframework.security.web.context.request.async.WebAsyncManagerIntegrationFilter@7e74f74a, org.springframework.security.web.context.SecurityContextPersistenceFilter@3141751c, org.springframework.security.web.header.HeaderWriterFilter@29e73623, org.springframework.security.web.authentication.logout.LogoutFilter@45802dde, org.springframework.security.oauth2.client.web.OAuth2AuthorizationRequestRedirectFilter@7792d036, org.springframework.security.oauth2.client.web.OAuth2LoginAuthenticationFilter@59ddbbbb, org.springframework.security.web.authentication.ui.DefaultLoginPageGeneratingFilter@4ade5ae9, org.springframework.security.web.authentication.ui.DefaultLogoutPageGeneratingFilter@76f41c2c, org.springframework.security.web.savedrequest.RequestCacheAwareFilter@193e1885, org.springframework.security.web.servletapi.SecurityContextHolderAwareRequestFilter@1731d1b4, org.springframework.security.web.authentication.AnonymousAuthenticationFilter@2a2b935f, org.springframework.security.web.session.SessionManagementFilter@5a991d63, org.springframework.security.web.access.ExceptionTranslationFilter@1ea0d90f, org.springframework.security.web.access.intercept.FilterSecurityInterceptor@613d3240]
2022-04-12 00:48:26.584  INFO 13538 --- [    Test worker] o.s.s.concurrent.ThreadPoolTaskExecutor  : Initializing ExecutorService 'applicationTaskExecutor'
2022-04-12 00:48:26.628  WARN 13538 --- [    Test worker] aWebConfiguration$JpaWebMvcConfiguration : spring.jpa.open-in-view is enabled by default. Therefore, database queries may be performed during view rendering. Explicitly configure spring.jpa.open-in-view to disable this warning
2022-04-12 00:48:26.668  INFO 13538 --- [    Test worker] o.s.b.a.w.s.WelcomePageHandlerMapping    : Adding welcome page template: index
2022-04-12 00:48:26.912  INFO 13538 --- [    Test worker] s.a.ScheduledAnnotationBeanPostProcessor : No TaskScheduler/ScheduledExecutorService bean found for scheduled processing
2022-04-12 00:48:26.931  INFO 13538 --- [    Test worker] o.s.b.w.embedded.tomcat.TomcatWebServer  : Tomcat started on port(s): 53196 (http) with context path ''
2022-04-12 00:48:26.933  INFO 13538 --- [    Test worker] c.k.p.s.web.PostsApiControllerTest       : Started PostsApiControllerTest in 5.528 seconds (JVM running for 6.396)
2022-04-12 00:48:27.006  INFO 13538 --- [    Test worker] o.a.c.c.C.[Tomcat].[localhost].[/]       : Initializing Spring TestDispatcherServlet ''
2022-04-12 00:48:27.006  INFO 13538 --- [    Test worker] o.s.t.web.servlet.TestDispatcherServlet  : Initializing Servlet ''
2022-04-12 00:48:27.018  INFO 13538 --- [    Test worker] o.s.t.web.servlet.TestDispatcherServlet  : Completed initialization in 12 ms
Hibernate: insert into posts (id, created_date, modified_date, author, content, title) values (null, ?, ?, ?, ?, ?)
Hibernate: select posts0_.id as id1_0_, posts0_.created_date as created_2_0_, posts0_.modified_date as modified3_0_, posts0_.author as author4_0_, posts0_.content as content5_0_, posts0_.title as title6_0_ from posts posts0_
Hibernate: select posts0_.id as id1_0_, posts0_.created_date as created_2_0_, posts0_.modified_date as modified3_0_, posts0_.author as author4_0_, posts0_.content as content5_0_, posts0_.title as title6_0_ from posts posts0_
Hibernate: delete from posts where id=?
2022-04-12 00:48:27.295  INFO 13538 --- [    Test worker] o.a.c.c.C.[Tomcat].[localhost].[/]       : Initializing Spring TestDispatcherServlet ''
2022-04-12 00:48:27.295  INFO 13538 --- [    Test worker] o.s.t.web.servlet.TestDispatcherServlet  : Initializing Servlet ''
2022-04-12 00:48:27.298  INFO 13538 --- [    Test worker] o.s.t.web.servlet.TestDispatcherServlet  : Completed initialization in 3 ms
Hibernate: insert into posts (id, created_date, modified_date, author, content, title) values (null, ?, ?, ?, ?, ?)
Hibernate: select posts0_.id as id1_0_0_, posts0_.created_date as created_2_0_0_, posts0_.modified_date as modified3_0_0_, posts0_.author as author4_0_0_, posts0_.content as content5_0_0_, posts0_.title as title6_0_0_ from posts posts0_ where posts0_.id=?
Hibernate: update posts set created_date=?, modified_date=?, author=?, content=?, title=? where id=?
Hibernate: select posts0_.id as id1_0_, posts0_.created_date as created_2_0_, posts0_.modified_date as modified3_0_, posts0_.author as author4_0_, posts0_.content as content5_0_, posts0_.title as title6_0_ from posts posts0_
Hibernate: select posts0_.id as id1_0_, posts0_.created_date as created_2_0_, posts0_.modified_date as modified3_0_, posts0_.author as author4_0_, posts0_.content as content5_0_, posts0_.title as title6_0_ from posts posts0_
Hibernate: delete from posts where id=?
2022-04-12 00:48:27.320  INFO 13538 --- [    Test worker] o.a.c.c.C.[Tomcat].[localhost].[/]       : Initializing Spring TestDispatcherServlet ''
2022-04-12 00:48:27.321  INFO 13538 --- [    Test worker] o.s.t.web.servlet.TestDispatcherServlet  : Initializing Servlet ''
2022-04-12 00:48:27.323  INFO 13538 --- [    Test worker] o.s.t.web.servlet.TestDispatcherServlet  : Completed initialization in 2 ms
Hibernate: insert into posts (id, created_date, modified_date, author, content, title) values (null, ?, ?, ?, ?, ?)
Hibernate: select posts0_.id as id1_0_, posts0_.created_date as created_2_0_, posts0_.modified_date as modified3_0_, posts0_.author as author4_0_, posts0_.content as content5_0_, posts0_.title as title6_0_ from posts posts0_
>>>>>>>>>> createDate=2022-04-12T00:48:27.324, modifiedDate=2022-04-12T00:48:27.324
Hibernate: select posts0_.id as id1_0_, posts0_.created_date as created_2_0_, posts0_.modified_date as modified3_0_, posts0_.author as author4_0_, posts0_.content as content5_0_, posts0_.title as title6_0_ from posts posts0_
Hibernate: delete from posts where id=?
]]></system-out>
  <system-err><![CDATA[]]></system-err>
</testsuite>
